  [4;36;1mSQL (2.4ms)[0m   [0;1m SELECT name
 FROM sqlite_master
 WHERE type = 'table' AND NOT name = 'sqlite_sequence'
[0m
  [4;35;1mSQL (0.5ms)[0m   [0mSELECT version FROM schema_migrations[0m
Migrating to CreateEstudiantes (20100717014856)
Migrating to CreateDocentes (20100717014858)
Migrating to CreateCreditos (20100717014900)
Migrating to CreateNotas (20100717014902)
Migrating to CreateTipoNotas (20100717014904)
Migrating to CreateCursos (20100717014906)
Migrating to CreateMaterias (20100717014908)
Migrating to CreateNivels (20100717014910)
Migrating to CreateSexos (20100717014913)
Migrating to CreateUsers (20100728003406)
  [4;36;1mSQL (0.1ms)[0m   [0;1mselect sqlite_version(*)[0m
  [4;35;1mSQL (0.9ms)[0m   [0mCREATE TABLE "users" ("id" INTEGER PRIMARY KEY AUTOINCREMENT NOT NULL, "username" varchar(255), "email" varchar(255), "password_hash" varchar(255), "password_salt" varchar(255), "created_at" datetime, "updated_at" datetime) [0m
  [4;36;1mSQL (1.3ms)[0m   [0;1mINSERT INTO schema_migrations (version) VALUES ('20100728003406')[0m
  [4;35;1mSQL (0.6ms)[0m   [0m SELECT name
 FROM sqlite_master
 WHERE type = 'table' AND NOT name = 'sqlite_sequence'
[0m
  [4;36;1mSQL (0.4ms)[0m   [0;1mSELECT version FROM schema_migrations[0m
  [4;35;1mSQL (0.4ms)[0m   [0m SELECT name
 FROM sqlite_master
 WHERE type = 'table' AND NOT name = 'sqlite_sequence'
[0m
  [4;36;1mSQL (0.1ms)[0m   [0;1mPRAGMA index_list("creditos")[0m
  [4;35;1mSQL (0.0ms)[0m   [0mPRAGMA index_list("cursos")[0m
  [4;36;1mSQL (0.0ms)[0m   [0;1mPRAGMA index_list("docentes")[0m
  [4;35;1mSQL (0.1ms)[0m   [0mPRAGMA index_list("estudiantes")[0m
  [4;36;1mSQL (0.0ms)[0m   [0;1mPRAGMA index_list("materias")[0m
  [4;35;1mSQL (0.0ms)[0m   [0mPRAGMA index_list("nivels")[0m
  [4;36;1mSQL (0.0ms)[0m   [0;1mPRAGMA index_list("notas")[0m
  [4;35;1mSQL (0.1ms)[0m   [0mPRAGMA index_list("sexos")[0m
  [4;36;1mSQL (0.0ms)[0m   [0;1mPRAGMA index_list("tipo_notas")[0m
  [4;35;1mSQL (0.1ms)[0m   [0mPRAGMA index_list("users")[0m
